2025-02-25 23:07:23,753 - db_helper - INFO - delete_expense_for_date called with 2024-10-13
2025-02-25 23:07:23,784 - db_helper - INFO - insert_expense called with date : 2024-10-13 , amount : 599.0 , category : Entertainment and notes : spotify
2025-02-25 23:07:23,789 - db_helper - INFO - insert_expense called with date : 2024-10-13 , amount : 5000.0 , category : Food and notes : Birthday cake
2025-02-25 23:12:06,961 - db_helper - INFO - fetch_expense_for_date called with 2024-08-02
2025-02-25 23:13:16,480 - db_helper - INFO - fetch_expense_for_date called with 2024-08-02
2025-02-25 23:13:30,407 - db_helper - INFO - delete_expense_for_date called with 2024-10-13
2025-02-25 23:13:30,432 - db_helper - INFO - insert_expense called with date : 2024-10-13 , amount : 599.0 , category : Entertainment and notes : spotify
2025-02-25 23:13:30,449 - db_helper - INFO - insert_expense called with date : 2024-10-13 , amount : 5000.0 , category : Food and notes : Birthday cake
2025-02-25 23:13:52,447 - db_helper - INFO - delete_expense_for_date called with 2024-10-13
2025-02-25 23:13:52,469 - db_helper - INFO - insert_expense called with date : 2024-10-13 , amount : 599.0 , category : Entertainment and notes : spotify
2025-02-25 23:13:52,482 - db_helper - INFO - insert_expense called with date : 2024-10-13 , amount : 5000.0 , category : Food and notes : Birthday cake
2025-02-25 23:14:05,655 - db_helper - INFO - delete_expense_for_date called with 2024-10-13
2025-02-25 23:14:05,673 - db_helper - INFO - insert_expense called with date : 2024-10-13 , amount : 5990.0 , category : Entertainment and notes : spotify
2025-02-25 23:14:05,692 - db_helper - INFO - insert_expense called with date : 2024-10-13 , amount : 5000.0 , category : Food and notes : Birthday cake
2025-02-25 23:22:20,410 - db_helper - INFO - fetch_expense_for_date called with 2024-08-02
2025-02-25 23:22:33,069 - db_helper - INFO - fetch_expense_for_date called with 2024-08-02
2025-02-25 23:22:36,325 - db_helper - INFO - delete_expense_for_date called with 2024-10-13
2025-02-25 23:22:36,342 - db_helper - INFO - insert_expense called with date : 2024-10-13 , amount : 5990.0 , category : Entertainment and notes : spotify
2025-02-25 23:22:36,357 - db_helper - INFO - insert_expense called with date : 2024-10-13 , amount : 5000.0 , category : Food and notes : Birthday cake
2025-02-25 23:30:39,361 - db_helper - INFO - fetch_expense_for_date called with 2024-08-02
2025-02-25 23:30:43,470 - db_helper - INFO - fetch_expense_for_date called with 2024-08-02
2025-02-25 23:30:46,589 - db_helper - INFO - delete_expense_for_date called with 2024-10-13
2025-02-25 23:30:46,619 - db_helper - INFO - insert_expense called with date : 2024-10-13 , amount : 5990.0 , category : Entertainment and notes : spotify
2025-02-25 23:30:46,645 - db_helper - INFO - insert_expense called with date : 2024-10-13 , amount : 5000.0 , category : Food and notes : Birthday cake
2025-02-25 23:33:47,830 - db_helper - INFO - fetch_expense_for_date called with 2024-08-02
2025-02-25 23:34:17,781 - db_helper - INFO - fetch_expense_for_date called with 2024-08-01
2025-02-25 23:36:13,415 - db_helper - INFO - fetch_expense_for_date called with 2024-08-02
2025-02-25 23:36:17,059 - db_helper - INFO - delete_expense_for_date called with 2024-10-13
2025-02-25 23:36:17,081 - db_helper - INFO - insert_expense called with date : 2024-10-13 , amount : 5990.0 , category : Entertainment and notes : spotify
2025-02-25 23:36:17,099 - db_helper - INFO - insert_expense called with date : 2024-10-13 , amount : 5000.0 , category : Food and notes : Birthday cake
2025-02-25 23:37:11,106 - db_helper - INFO - delete_expense_for_date called with 2024-10-13
2025-02-25 23:37:11,118 - db_helper - INFO - insert_expense called with date : 2024-10-13 , amount : 5990.0 , category : Entertainment and notes : spotify
2025-02-25 23:37:11,145 - db_helper - INFO - insert_expense called with date : 2024-10-13 , amount : 5000.0 , category : Food and notes : Birthday cake
2025-02-25 23:59:40,399 - db_helper - INFO - fetch_expense_for_date called with 2024-08-02
2025-02-26 23:03:00,815 - db_helper - INFO - fetch_expense_for_date called with 2024-08-02
2025-02-26 23:03:13,650 - db_helper - INFO - fetch_expense_for_date called with 2024-08-03
2025-02-26 23:03:20,809 - db_helper - INFO - fetch_expense_for_date called with 2024-08-01
2025-02-26 23:14:35,819 - db_helper - INFO - fetch_expense_for_date called with 2024-08-01
2025-02-26 23:15:25,854 - db_helper - INFO - fetch_expense_for_date called with 2024-08-01
2025-02-26 23:16:39,960 - db_helper - INFO - fetch_expense_for_date called with 2024-08-01
2025-02-26 23:21:15,229 - db_helper - INFO - fetch_expense_for_date called with 2024-08-01
2025-02-27 10:03:32,941 - db_helper - INFO - fetch_expense_for_date called with 2024-08-02
2025-02-27 10:03:37,812 - db_helper - INFO - fetch_expense_for_date called with 2024-08-02
2025-02-27 10:04:05,397 - db_helper - INFO - fetch_expense_for_date called with 2024-08-02
2025-02-27 10:08:10,070 - db_helper - INFO - fetch_expense_for_date called with 2024-08-02
2025-02-27 10:08:16,526 - db_helper - INFO - fetch_expense_for_date called with 2024-08-02
2025-02-27 10:08:24,597 - db_helper - INFO - fetch_expense_for_date called with 2024-08-03
2025-02-27 10:08:31,699 - db_helper - INFO - fetch_expense_for_date called with 2024-08-04
2025-02-27 10:09:12,156 - db_helper - INFO - fetch_expense_for_date called with 2024-08-02
2025-02-27 10:09:17,469 - db_helper - INFO - fetch_expense_for_date called with 2024-08-04
2025-02-27 10:09:40,903 - db_helper - INFO - fetch_expense_for_date called with 2024-08-02
2025-02-27 10:09:45,369 - db_helper - INFO - fetch_expense_for_date called with 2024-08-04
2025-02-27 10:23:00,765 - db_helper - INFO - fetch_expense_for_date called with 2024-08-07
2025-02-27 10:25:00,710 - db_helper - INFO - fetch_expense_for_date called with 2024-08-07
2025-02-27 10:26:03,017 - db_helper - INFO - fetch_expense_for_date called with 2024-08-07
2025-02-27 10:26:06,735 - db_helper - INFO - fetch_expense_for_date called with 2024-08-07
2025-02-27 10:26:08,807 - db_helper - INFO - delete_expense_for_date called with 2024-08-07
2025-02-27 10:26:08,833 - db_helper - INFO - insert_expense called with date : 2024-08-07 , amount : 20.0 , category : Shopping and notes :  bought a handkerchief
2025-02-27 10:26:08,851 - db_helper - INFO - insert_expense called with date : 2024-08-07 , amount : 10.0 , category : Food and notes :  samosa chat
2025-02-27 10:27:08,111 - db_helper - INFO - fetch_expense_for_date called with 2024-08-07
2025-02-27 10:27:10,181 - db_helper - INFO - delete_expense_for_date called with 2024-08-07
2025-02-27 10:27:10,203 - db_helper - INFO - insert_expense called with date : 2024-08-07 , amount : 20.0 , category : Shopping and notes :  bought a handkerchief
2025-02-27 10:27:10,219 - db_helper - INFO - insert_expense called with date : 2024-08-07 , amount : 10.0 , category : Food and notes :  samosa chat
2025-02-27 10:27:10,232 - db_helper - INFO - insert_expense called with date : 2024-08-07 , amount : 15.0 , category : Other and notes :  udhari payment to grocery store
2025-02-27 11:04:09,654 - db_helper - INFO - fetch_expense_summary called with start date: 2024-08-01 and end date: 2024-08-05
2025-02-27 11:04:56,763 - db_helper - INFO - fetch_expense_summary called with start date: 2024-08-01 and end date: 2024-08-05
2025-02-27 11:07:11,490 - db_helper - INFO - fetch_expense_summary called with start date: 2024-08-01 and end date: 2024-08-05
2025-02-27 11:24:33,875 - db_helper - INFO - fetch_expense_for_date called with 2024-08-07
2025-02-27 11:24:39,429 - db_helper - INFO - fetch_expense_for_date called with 2024-08-07
2025-02-27 11:26:03,656 - db_helper - INFO - fetch_expense_for_date called with 2024-08-07
2025-02-27 11:26:06,779 - db_helper - INFO - fetch_expense_for_date called with 2024-08-07
2025-02-27 11:26:14,207 - db_helper - INFO - fetch_expense_for_date called with 2024-08-07
2025-02-27 11:28:51,252 - db_helper - INFO - fetch_expense_for_date called with 2024-08-07
2025-02-27 11:28:54,718 - db_helper - INFO - fetch_expense_for_date called with 2024-08-07
2025-02-27 11:29:47,120 - db_helper - INFO - fetch_expense_for_date called with 2024-08-07
2025-02-27 11:30:06,211 - db_helper - INFO - fetch_expense_for_date called with 2024-08-07
2025-02-27 11:31:14,155 - db_helper - INFO - fetch_expense_for_date called with 2024-08-07
2025-02-27 11:33:04,563 - db_helper - INFO - fetch_expense_for_date called with 2024-08-07
2025-02-27 11:33:08,597 - db_helper - INFO - fetch_expense_for_date called with 2024-08-07
2025-02-27 11:35:14,437 - db_helper - INFO - fetch_expense_for_date called with 2024-08-07
2025-02-27 11:35:21,623 - db_helper - INFO - fetch_expense_for_date called with 2024-08-07
2025-02-27 11:35:22,584 - db_helper - INFO - fetch_expense_for_date called with 2024-08-07
2025-02-27 11:35:24,681 - db_helper - INFO - fetch_expense_summary called with start date: 2024-08-01 and end date: 2024-08-03
2025-02-27 11:35:53,853 - db_helper - INFO - fetch_expense_for_date called with 2024-08-07
2025-02-27 11:35:54,797 - db_helper - INFO - fetch_expense_for_date called with 2024-08-07
2025-02-27 11:35:56,882 - db_helper - INFO - fetch_expense_summary called with start date: 2024-08-01 and end date: 2024-08-05
2025-02-27 12:47:35,491 - db_helper - INFO - fetch_expense_for_date called with 2024-08-07
2025-02-27 12:47:40,052 - db_helper - INFO - fetch_expense_for_date called with 2024-08-07
2025-02-27 12:47:42,116 - db_helper - INFO - fetch_expense_summary called with start date: 2024-08-01 and end date: 2024-08-05
2025-02-27 12:48:01,057 - db_helper - INFO - fetch_expense_for_date called with 2024-08-07
2025-02-27 12:48:04,093 - db_helper - INFO - fetch_expense_for_date called with 2024-08-07
2025-02-27 12:48:06,174 - db_helper - INFO - fetch_expense_summary called with start date: 2024-08-01 and end date: 2024-08-05
2025-02-27 12:51:21,237 - db_helper - INFO - fetch_expense_for_date called with 2024-08-07
2025-02-27 12:51:24,409 - db_helper - INFO - fetch_expense_for_date called with 2024-08-07
2025-02-27 12:51:26,499 - db_helper - INFO - fetch_expense_summary called with start date: 2024-08-01 and end date: 2024-08-05
2025-02-27 12:51:49,974 - db_helper - INFO - fetch_expense_for_date called with 2024-08-02
2025-02-27 12:51:53,098 - db_helper - INFO - fetch_expense_for_date called with 2024-08-02
2025-02-27 12:51:55,184 - db_helper - INFO - fetch_expense_summary called with start date: 2024-08-01 and end date: 2024-08-05
2025-02-27 12:56:24,034 - db_helper - INFO - fetch_expense_for_date called with 2024-08-02
2025-02-27 12:56:26,667 - db_helper - INFO - fetch_expense_for_date called with 2024-08-02
2025-02-27 12:56:28,732 - db_helper - INFO - fetch_expense_summary called with start date: 2024-08-01 and end date: 2024-08-05
2025-02-27 15:10:05,915 - db_helper - INFO - fetch_expense_summary_all_months called
2025-02-27 15:14:14,212 - db_helper - INFO - fetch_expense_for_date called with 2024-08-02
2025-02-27 15:14:16,293 - db_helper - INFO - fetch_expense_summary_all_months called
2025-02-27 15:16:18,164 - db_helper - INFO - fetch_expense_for_date called with 2024-08-02
2025-02-27 15:16:20,239 - db_helper - INFO - fetch_expense_summary_all_months called
2025-02-27 15:16:29,054 - db_helper - INFO - fetch_expense_for_date called with 2024-08-02
2025-02-27 15:16:31,137 - db_helper - INFO - fetch_expense_summary called with start date: 2024-08-01 and end date: 2024-08-05
2025-02-27 15:16:33,234 - db_helper - INFO - fetch_expense_summary_all_months called
2025-02-27 15:17:55,714 - db_helper - INFO - fetch_expense_for_date called with 2024-08-02
2025-02-27 15:17:57,775 - db_helper - INFO - fetch_expense_summary_all_months called
2025-02-27 15:21:29,614 - db_helper - INFO - fetch_expense_for_date called with 2024-08-02
2025-02-27 15:21:31,679 - db_helper - INFO - fetch_expense_summary_all_months called
2025-02-27 15:22:27,456 - db_helper - INFO - fetch_expense_for_date called with 2024-08-02
2025-02-27 15:22:29,512 - db_helper - INFO - fetch_expense_summary_all_months called
